Build started 3/10/2014 3:36:59 PM.
     1>Project "C:\Users\karratmac\Projects\211b\opengl\opengl4_4\opengl4_4.vcxproj" on node 2 (build target(s)).
     1>InitializeBuildStatus:
         Creating "Debug\opengl4_4.unsuccessfulbuild" because "AlwaysCreate" was specified.
       ClCompile:
         c:\Program Files\Microsoft Visual Studio 10.0\VC\bin\CL.exe /c /ZI /nologo /W3 /WX- /Od /Oy- /D WIN32 /D _DEBUG /D _CONSOLE /D _UNICODE /D UNICODE /Gm /EHsc /RTC1 /MDd /GS /fp:precise /Zc:wchar_t /Zc:forScope /Fo"Debug\\" /Fd"Debug\vc100.pdb" /Gd /TP /analyze- /errorReport:prompt main.cpp
         main.cpp
     1>c:\users\karratmac\projects\211b\opengl\opengl4_4\mymath.h(14): warning C4996: 'fopen': This function or variable may be unsafe. Consider using fopen_s instead. To disable deprecation, use _CRT_SECURE_NO_WARNINGS. See online help for details.
                 c:\program files\microsoft visual studio 10.0\vc\include\stdio.h(234) : see declaration of 'fopen'
     1>c:\users\karratmac\projects\211b\opengl\opengl4_4\mymath.h(39): warning C4996: 'fopen': This function or variable may be unsafe. Consider using fopen_s instead. To disable deprecation, use _CRT_SECURE_NO_WARNINGS. See online help for details.
                 c:\program files\microsoft visual studio 10.0\vc\include\stdio.h(234) : see declaration of 'fopen'
     1>c:\users\karratmac\projects\211b\opengl\opengl4_4\main.cpp(238): warning C4101: 'change_look_at' : unreferenced local variable
     1>c:\users\karratmac\projects\211b\opengl\opengl4_4\main.cpp(213): warning C4101: 'L' : unreferenced local variable
     1>c:\users\karratmac\projects\211b\opengl\opengl4_4\main.cpp(309): warning C4172: returning address of local variable or temporary
     1>c:\users\karratmac\projects\211b\opengl\opengl4_4\main.cpp(625): warning C4996: 'sprintf': This function or variable may be unsafe. Consider using sprintf_s instead. To disable deprecation, use _CRT_SECURE_NO_WARNINGS. See online help for details.
                 c:\program files\microsoft visual studio 10.0\vc\include\stdio.h(371) : see declaration of 'sprintf'
       Link:
         c:\Program Files\Microsoft Visual Studio 10.0\VC\bin\link.exe /ERRORREPORT:PROMPT /OUT:"C:\Users\karratmac\Projects\211b\opengl\opengl4_4\Debug\opengl4_4.exe" /INCREMENTAL:NO /NOLOGO /LIBPATH:\glew\lib\Release\Win32 /LIBPATH:\glut glut32.lib glew32.lib kernel32.lib user32.lib gdi32.lib winspool.lib comdlg32.lib advapi32.lib shell32.lib ole32.lib oleaut32.lib uuid.lib odbc32.lib odbccp32.lib kernel32.lib user32.lib gdi32.lib winspool.lib comdlg32.lib advapi32.lib shell32.lib ole32.lib oleaut32.lib uuid.lib odbc32.lib odbccp32.lib /MANIFEST /ManifestFile:"Debug\opengl4_4.exe.intermediate.manifest" /MANIFESTUAC:"level='asInvoker' uiAccess='false'" /DEBUG /PDB:"C:\Users\karratmac\Projects\211b\opengl\opengl4_4\Debug\opengl4_4.pdb" /SUBSYSTEM:CONSOLE /TLBID:1 /DYNAMICBASE /NXCOMPAT /IMPLIB:"C:\Users\karratmac\Projects\211b\opengl\opengl4_4\Debug\opengl4_4.lib" /MACHINE:X86 Debug\inputHandler.obj
         Debug\main.obj
         Debug\my_matrixStack.obj
         Debug\sceneSetup.obj
     1>inputHandler.obj : warning LNK4075: ignoring '/EDITANDCONTINUE' due to '/INCREMENTAL:NO' specification
         opengl4_4.vcxproj -> C:\Users\karratmac\Projects\211b\opengl\opengl4_4\Debug\opengl4_4.exe
       Manifest:
         c:\Program Files\Microsoft SDKs\Windows\v7.0A\bin\mt.exe /nologo /verbose /outputresource:"C:\Users\karratmac\Projects\211b\opengl\opengl4_4\Debug\opengl4_4.exe;#1" /manifest Debug\opengl4_4.exe.intermediate.manifest
       FinalizeBuildStatus:
         Deleting file "Debug\opengl4_4.unsuccessfulbuild".
         Touching "Debug\opengl4_4.lastbuildstate".
     1>Done Building Project "C:\Users\karratmac\Projects\211b\opengl\opengl4_4\opengl4_4.vcxproj" (build target(s)).

Build succeeded.

Time Elapsed 00:00:01.29
