  VulkanDynamics.cpp
c:\projects\vulkandynamics\vulkandynamics\vulkandynamics\inputhandler.h(24): warning C4305: 'initializing': truncation from 'double' to 'float'
c:\projects\vulkandynamics\vulkandynamics\vulkandynamics\vulkandynamics.cpp(121): warning C4305: 'initializing': truncation from 'double' to 'float'
c:\projects\vulkandynamics\vulkandynamics\vulkandynamics\vulkandynamics.cpp(150): warning C4244: '=': conversion from 'double' to 'float', possible loss of data
c:\projects\vulkandynamics\vulkandynamics\vulkandynamics\vulkandynamics.cpp(161): warning C4244: '=': conversion from 'double' to 'T', possible loss of data
          with
          [
              T=float
          ]
c:\projects\vulkandynamics\vulkandynamics\vulkandynamics\vulkandynamics.cpp(162): warning C4244: '=': conversion from 'double' to 'T', possible loss of data
          with
          [
              T=float
          ]
c:\projects\vulkandynamics\vulkandynamics\vulkandynamics\vulkandynamics.cpp(163): warning C4244: '=': conversion from 'double' to 'T', possible loss of data
          with
          [
              T=float
          ]
  VulkanDynamics.vcxproj -> C:\Projects\VulkanDynamics\VulkanDynamics\x64\Debug\VulkanDynamics.exe
