Build started 2/16/2014 5:24:51 PM.
     1>Project "C:\Users\karratmac\Projects\211b\opengl\opengl4_4\opengl4_4.vcxproj" on node 2 (build target(s)).
     1>InitializeBuildStatus:
         Creating "Release\opengl4_4.unsuccessfulbuild" because "AlwaysCreate" was specified.
       ClCompile:
         c:\Program Files\Microsoft Visual Studio 10.0\VC\bin\CL.exe /c /Zi /nologo /W3 /WX- /O2 /Oi /Oy- /GL /D WIN32 /D NDEBUG /D _CONSOLE /D _UNICODE /D UNICODE /Gm- /EHsc /MD /GS /Gy /fp:precise /Zc:wchar_t /Zc:forScope /Fo"Release\\" /Fd"Release\vc100.pdb" /Gd /TP /analyze- /errorReport:prompt main.cpp
         main.cpp
     1>c:\users\karratmac\projects\211b\opengl\opengl4_4\mymath.h(14): warning C4996: 'fopen': This function or variable may be unsafe. Consider using fopen_s instead. To disable deprecation, use _CRT_SECURE_NO_WARNINGS. See online help for details.
                 c:\Program Files\Microsoft Visual Studio 10.0\VC\include\stdio.h(234) : see declaration of 'fopen'
     1>c:\users\karratmac\projects\211b\opengl\opengl4_4\mymath.h(39): warning C4996: 'fopen': This function or variable may be unsafe. Consider using fopen_s instead. To disable deprecation, use _CRT_SECURE_NO_WARNINGS. See online help for details.
                 c:\Program Files\Microsoft Visual Studio 10.0\VC\include\stdio.h(234) : see declaration of 'fopen'
     1>main.cpp(163): warning C4101: 'L' : unreferenced local variable
     1>main.cpp(239): warning C4172: returning address of local variable or temporary
     1>main.cpp(478): warning C4996: 'sprintf': This function or variable may be unsafe. Consider using sprintf_s instead. To disable deprecation, use _CRT_SECURE_NO_WARNINGS. See online help for details.
                 c:\Program Files\Microsoft Visual Studio 10.0\VC\include\stdio.h(371) : see declaration of 'sprintf'
       Link:
         c:\Program Files\Microsoft Visual Studio 10.0\VC\bin\link.exe /ERRORREPORT:PROMPT /OUT:"C:\Users\karratmac\Projects\211b\opengl\opengl4_4\Release\opengl4_4.exe" /INCREMENTAL:NO /NOLOGO /LIBPATH:C:\Users\karratmac\Projects\211b\opengl\opengl4_4\\glew\lib\Release\Win32 /LIBPATH:C:\Users\karratmac\Projects\211b\opengl\opengl4_4\\glut glut32.lib glew32.lib kernel32.lib user32.lib gdi32.lib winspool.lib comdlg32.lib advapi32.lib shell32.lib ole32.lib oleaut32.lib uuid.lib odbc32.lib odbccp32.lib kernel32.lib user32.lib gdi32.lib winspool.lib comdlg32.lib advapi32.lib shell32.lib ole32.lib oleaut32.lib uuid.lib odbc32.lib odbccp32.lib /MANIFEST /ManifestFile:"Release\opengl4_4.exe.intermediate.manifest" /MANIFESTUAC:"level='asInvoker' uiAccess='false'" /PDB:"C:\Users\karratmac\Projects\211b\opengl\opengl4_4\Release\opengl4_4.pdb" /SUBSYSTEM:CONSOLE /OPT:REF /OPT:ICF /LTCG /TLBID:1 /DYNAMICBASE /NXCOMPAT /IMPLIB:"C:\Users\karratmac\Projects\211b\opengl\opengl4_4\Release\opengl4_4.lib" /MACHINE:X86 Release\inputHandler.obj
         Release\main.obj
         Release\my_matrixStack.obj
         Release\sceneSetup.obj
         Generating code
         Finished generating code
         opengl4_4.vcxproj -> C:\Users\karratmac\Projects\211b\opengl\opengl4_4\Release\opengl4_4.exe
       Manifest:
         c:\Program Files\Microsoft SDKs\Windows\v7.0A\bin\mt.exe /nologo /verbose /outputresource:"C:\Users\karratmac\Projects\211b\opengl\opengl4_4\Release\opengl4_4.exe;#1" /manifest Release\opengl4_4.exe.intermediate.manifest
       FinalizeBuildStatus:
         Deleting file "Release\opengl4_4.unsuccessfulbuild".
         Touching "Release\opengl4_4.lastbuildstate".
     1>Done Building Project "C:\Users\karratmac\Projects\211b\opengl\opengl4_4\opengl4_4.vcxproj" (build target(s)).

Build succeeded.

Time Elapsed 00:00:01.95
